<?xml version="1.0" encoding="UTF-8"?>
<!-- Generated by org.testng.reporters.JUnitReportReporter -->
<testsuite hostname="SYS079" name="com.qa.test.AllTest" tests="7" failures="0" timestamp="25 Mar 2019 10:48:17 GMT" time="68.523" errors="0">
  <testcase name="validateHomePageTitle" time="3.926" classname="com.qa.test.AllTest"/>
  <testcase name="navigateTochaptertwo" time="9.449" classname="com.qa.test.AllTest"/>
  <testcase name="enterText" time="6.234" classname="com.qa.test.AllTest"/>
  <testcase name="navigateTochapterthree" time="17.711" classname="com.qa.test.AllTest"/>
  <testcase name="navigateTochapterfour" time="9.343" classname="com.qa.test.AllTest"/>
  <testcase name="navigateTochaptereight" time="9.366" classname="com.qa.test.AllTest"/>
  <testcase name="navigateTochapterone" time="12.494" classname="com.qa.test.AllTest"/>
</testsuite> <!-- com.qa.test.AllTest -->
