<?xml version="1.0" encoding="UTF-8"?>
<!-- Generated by org.testng.reporters.JUnitReportReporter -->
<testsuite hostname="SYS079" name="com.qa.test.ChapterOneTestPage" tests="1" failures="0" timestamp="28 Mar 2019 06:03:23 GMT" time="15.259" errors="0">
  <testcase name="verifyInputStoedInField" time="15.259" classname="com.qa.test.ChapterOneTestPage"/>
</testsuite> <!-- com.qa.test.ChapterOneTestPage -->
