<?xml version="1.0" encoding="UTF-8"?>
<!-- Generated by org.testng.reporters.JUnitReportReporter -->
<testsuite hostname="SYS079" name="com.qa.test.ChapterThreeTestPage" tests="2" failures="0" timestamp="9 Apr 2019 12:26:04 GMT" time="19.606" errors="0">
  <testcase name="verifyTextTwoPresence" time="9.504" classname="com.qa.test.ChapterThreeTestPage"/>
  <testcase name="verifyDatePresence" time="10.102" classname="com.qa.test.ChapterThreeTestPage"/>
</testsuite> <!-- com.qa.test.ChapterThreeTestPage -->
