<?xml version="1.0" encoding="UTF-8"?>
<!-- Generated by org.testng.reporters.JUnitReportReporter -->
<testsuite hostname="SYS079" name="com.qa.test.ChapterTwoTestPage" tests="3" failures="0" timestamp="28 Mar 2019 09:23:35 GMT" time="31.790" errors="0">
  <testcase name="verifyVerifyButtonClickable" time="13.015" classname="com.qa.test.ChapterTwoTestPage"/>
  <testcase name="verifyChocolateButtonClickable" time="9.371" classname="com.qa.test.ChapterTwoTestPage"/>
  <testcase name="verifyIdButtonClickable" time="9.404" classname="com.qa.test.ChapterTwoTestPage"/>
</testsuite> <!-- com.qa.test.ChapterTwoTestPage -->
