<?xml version="1.0" encoding="UTF-8"?>
<!-- Generated by org.testng.reporters.JUnitReportReporter -->
<testsuite hostname="SYS079" name="com.qa.test.ChapterTwoTestPage" tests="3" failures="0" timestamp="23 Apr 2019 07:02:25 GMT" time="30.168" errors="0">
  <testcase name="verifyChocolateButtonClickable" time="11.044" classname="com.qa.test.ChapterTwoTestPage"/>
  <testcase name="verifyVerifyButtonClickable" time="9.606" classname="com.qa.test.ChapterTwoTestPage"/>
  <testcase name="verifyIdButtonClickable" time="9.518" classname="com.qa.test.ChapterTwoTestPage"/>
</testsuite> <!-- com.qa.test.ChapterTwoTestPage -->
