<?xml version="1.0" encoding="UTF-8"?>
<!-- Generated by org.testng.reporters.JUnitReportReporter -->
<testsuite hostname="SYS079" name="com.qa.test.Test1" tests="1" failures="0" timestamp="26 Mar 2019 10:36:00 GMT" time="1.341" errors="0">
  <testcase name="test1" time="1.341" classname="com.qa.test.Test1"/>
</testsuite> <!-- com.qa.test.Test1 -->
