<?xml version="1.0" encoding="UTF-8"?>
<!-- Generated by org.testng.reporters.JUnitReportReporter -->
<testsuite hostname="SYS079" name="com.test.utility.TestDataUtil" tests="2" failures="0" timestamp="13 Mar 2019 11:36:40 GMT" time="1.780" errors="0">
  <testcase name="getRowCount" time="1.750" classname="com.test.utility.TestDataUtil"/>
  <testcase name="getCellData" time="0.030" classname="com.test.utility.TestDataUtil"/>
</testsuite> <!-- com.test.utility.TestDataUtil -->
