<?xml version="1.0" encoding="UTF-8"?>
<!-- Generated by org.testng.reporters.JUnitReportReporter -->
<testsuite hostname="SYS079" name="automationFramework.IgnoreTestScript" tests="3" failures="0" timestamp="14 Mar 2019 10:17:59 GMT" time="0.020" errors="0">
  <testcase name="fourth" time="0.000" classname="automationFramework.IgnoreTestScript"/>
  <testcase name="third" time="0.000" classname="automationFramework.IgnoreTestScript"/>
  <testcase name="first" time="0.020" classname="automationFramework.IgnoreTestScript"/>
</testsuite> <!-- automationFramework.IgnoreTestScript -->
